=== Node info ===
kn176
Thu Jun 11 10:24:49 PM EDT 2026
name, memory.total [MiB], memory.free [MiB]
NVIDIA H100 80GB HBM3, 81559 MiB, 81079 MiB
=================
────────────────────────────────────────────────────────────────────────
Device:        cuda
GPU:           NVIDIA H100 80GB HBM3
Free memory:   84.5 GB
Precision:     bf16 autocast
Checkpoint:    activation checkpointing on
J:             100  (output_dim = 10013)
Model:         d_model=256  depth=8  heads=8  hidden_mult=4
Optimizer:     Adam(lr=1e-04, wd=1e-05)  grad_clip=1.0
Schedule:      cosine  warmup_frac=0.1  min_lr_ratio=0.1
Training:      steps=50000  microbatch=4  grad_accum=8
                effective_batch = 32
                N_context=1000  N_query=250
Streaming:     workers=8  seed_base=42  warmup=4
Checkpoint:    dir=/home/lukez/projects/aip-rgrosse/lukez/CFM-for-Decision-Makers/checkpoints  every=5000  resume=True
Logging:       every 100 steps
────────────────────────────────────────────────────────────────────────
[stream] starting DataLoader (workers=8, microbatch=4)
[stream] drawing 4 warm-up tasks for edge fitting…
[BarDistribution2D] Fitting edges from 16000 Y_obs values over 16 samples → y_min=-1.000000, y_max=1.000000
Model parameters: 16,119,072

   step        loss          lr      wall
──────────────────────────────────────────
      1  212917.8878    2.00e-08      4.2s
    100    172.0891    2.00e-06    528.8s
    200      5.0453    4.00e-06   1085.3s
Step 287: NaN/Inf loss — skipping microbatch
    300     29.8642    6.00e-06   1634.7s
    400      4.9248    8.00e-06   2183.4s
Step 418: NaN/Inf loss — skipping microbatch
    500      2.1583    1.00e-05   2738.1s
